<?xml version="1.0" encoding="UTF-8"?>
<!-- Generated by org.testng.reporters.JUnitReportReporter -->
<testsuite hostname="Rajesh314" failures="0" tests="1" name="com.hrms.testscripts.TC004" time="4.790" errors="0" timestamp="19 Dec 2022 11:59:18 GMT">
  <testcase classname="com.hrms.testscripts.TC004" name="tc004" time="4.790"/>
</testsuite> <!-- com.hrms.testscripts.TC004 -->
