<?xml version="1.0" encoding="UTF-8"?>
<!-- Generated by org.testng.reporters.JUnitReportReporter -->
<testsuite hostname="Rajesh314" failures="0" tests="1" name="com.hrms.testscripts.TC002" time="19.728" errors="0" timestamp="16 Dec 2022 11:52:43 GMT">
  <testcase classname="com.hrms.testscripts.TC002" name="tc002" time="19.728"/>
</testsuite> <!-- com.hrms.testscripts.TC002 -->
