<?xml version="1.0" encoding="UTF-8"?>
<!-- Generated by org.testng.reporters.JUnitReportReporter -->
<testsuite hostname="Rajesh314" failures="0" tests="1" name="com.hrms.testscripts.TC001" time="4.687" errors="0" timestamp="16 Dec 2022 10:45:33 GMT">
  <testcase classname="com.hrms.testscripts.TC001" name="tc001" time="4.687"/>
</testsuite> <!-- com.hrms.testscripts.TC001 -->
